<?xml version="1.0" encoding="UTF-8"?>
<!-- Generated by org.testng.reporters.JUnitReportReporter -->
<testsuite skipped="0" hostname="DESKTOP-K2EA735" name="com.test.SeleniumCode" tests="1" failures="0" timestamp="15 Apr 2021 01:05:18 GMT" time="2.970" errors="0">
  <testcase name="anotherTest" time="2.970" classname="com.test.SeleniumCode"/>
</testsuite> <!-- com.test.SeleniumCode -->
